time=2024-09-30T21:58:55.253+05:00 level=INFO msg="logger initiated"
time=2024-09-30T21:58:55.253+05:00 level=DEBUG msg="DEBUG mode set"
time=2024-09-30T22:02:23.978+05:00 level=DEBUG msg="api.song.Create: DBG: request body received, parsing..."
time=2024-09-30T22:02:23.979+05:00 level=ERROR msg="api.song.Create: ERR: cant proceed with body: EOF"
time=2024-09-30T22:02:23.982+05:00 level=ERROR msg="api.song.Create: ERR: cant create new song: ERROR: invalid input syntax for type uuid: \"\" (SQLSTATE 22P02)"
time=2024-09-30T22:02:31.470+05:00 level=DEBUG msg="api.song.Create: DBG: request body received, parsing..."
time=2024-09-30T22:02:31.470+05:00 level=ERROR msg="api.song.Create: ERR: cant proceed with body: invalid character '}' after object key"
time=2024-09-30T22:02:31.470+05:00 level=ERROR msg="api.song.Create: ERR: cant create new song: ERROR: invalid input syntax for type uuid: \"\" (SQLSTATE 22P02)"
time=2024-09-30T22:02:32.656+05:00 level=DEBUG msg="api.song.Create: DBG: request body received, parsing..."
time=2024-09-30T22:02:32.656+05:00 level=ERROR msg="api.song.Create: ERR: cant proceed with body: invalid character '}' after object key"
time=2024-09-30T22:02:32.656+05:00 level=ERROR msg="api.song.Create: ERR: cant create new song: ERROR: invalid input syntax for type uuid: \"\" (SQLSTATE 22P02)"
time=2024-09-30T22:02:33.337+05:00 level=DEBUG msg="api.song.Create: DBG: request body received, parsing..."
time=2024-09-30T22:02:33.337+05:00 level=ERROR msg="api.song.Create: ERR: cant proceed with body: invalid character '}' after object key"
time=2024-09-30T22:02:33.337+05:00 level=ERROR msg="api.song.Create: ERR: cant create new song: ERROR: invalid input syntax for type uuid: \"\" (SQLSTATE 22P02)"
time=2024-09-30T22:02:33.993+05:00 level=DEBUG msg="api.song.Create: DBG: request body received, parsing..."
time=2024-09-30T22:02:33.993+05:00 level=ERROR msg="api.song.Create: ERR: cant proceed with body: invalid character '}' after object key"
time=2024-09-30T22:02:33.993+05:00 level=ERROR msg="api.song.Create: ERR: cant create new song: ERROR: invalid input syntax for type uuid: \"\" (SQLSTATE 22P02)"
time=2024-09-30T22:02:34.622+05:00 level=DEBUG msg="api.song.Create: DBG: request body received, parsing..."
time=2024-09-30T22:02:34.622+05:00 level=ERROR msg="api.song.Create: ERR: cant proceed with body: invalid character '}' after object key"
time=2024-09-30T22:02:34.622+05:00 level=ERROR msg="api.song.Create: ERR: cant create new song: ERROR: invalid input syntax for type uuid: \"\" (SQLSTATE 22P02)"
time=2024-09-30T22:02:35.229+05:00 level=DEBUG msg="api.song.Create: DBG: request body received, parsing..."
time=2024-09-30T22:02:35.229+05:00 level=ERROR msg="api.song.Create: ERR: cant proceed with body: invalid character '}' after object key"
time=2024-09-30T22:02:35.229+05:00 level=ERROR msg="api.song.Create: ERR: cant create new song: ERROR: invalid input syntax for type uuid: \"\" (SQLSTATE 22P02)"
time=2024-09-30T22:02:35.829+05:00 level=DEBUG msg="api.song.Create: DBG: request body received, parsing..."
time=2024-09-30T22:02:35.829+05:00 level=ERROR msg="api.song.Create: ERR: cant proceed with body: invalid character '}' after object key"
time=2024-09-30T22:02:35.829+05:00 level=ERROR msg="api.song.Create: ERR: cant create new song: ERROR: invalid input syntax for type uuid: \"\" (SQLSTATE 22P02)"
time=2024-09-30T22:02:36.438+05:00 level=DEBUG msg="api.song.Create: DBG: request body received, parsing..."
time=2024-09-30T22:02:36.438+05:00 level=ERROR msg="api.song.Create: ERR: cant proceed with body: invalid character '}' after object key"
time=2024-09-30T22:02:36.438+05:00 level=ERROR msg="api.song.Create: ERR: cant create new song: ERROR: invalid input syntax for type uuid: \"\" (SQLSTATE 22P02)"
time=2024-09-30T22:02:37.060+05:00 level=DEBUG msg="api.song.Create: DBG: request body received, parsing..."
time=2024-09-30T22:02:37.060+05:00 level=ERROR msg="api.song.Create: ERR: cant proceed with body: invalid character '}' after object key"
time=2024-09-30T22:02:37.061+05:00 level=ERROR msg="api.song.Create: ERR: cant create new song: ERROR: invalid input syntax for type uuid: \"\" (SQLSTATE 22P02)"
time=2024-09-30T22:02:37.566+05:00 level=DEBUG msg="api.song.Create: DBG: request body received, parsing..."
time=2024-09-30T22:02:37.566+05:00 level=ERROR msg="api.song.Create: ERR: cant proceed with body: invalid character '}' after object key"
time=2024-09-30T22:02:37.567+05:00 level=ERROR msg="api.song.Create: ERR: cant create new song: ERROR: invalid input syntax for type uuid: \"\" (SQLSTATE 22P02)"
time=2024-09-30T22:02:38.412+05:00 level=DEBUG msg="api.song.Create: DBG: request body received, parsing..."
time=2024-09-30T22:02:38.412+05:00 level=ERROR msg="api.song.Create: ERR: cant proceed with body: invalid character '}' after object key"
time=2024-09-30T22:02:38.412+05:00 level=ERROR msg="api.song.Create: ERR: cant create new song: ERROR: invalid input syntax for type uuid: \"\" (SQLSTATE 22P02)"
time=2024-09-30T22:02:38.994+05:00 level=DEBUG msg="api.song.Create: DBG: request body received, parsing..."
time=2024-09-30T22:02:39.002+05:00 level=ERROR msg="api.song.Create: ERR: cant proceed with body: invalid character '}' after object key"
time=2024-09-30T22:02:39.003+05:00 level=ERROR msg="api.song.Create: ERR: cant create new song: ERROR: invalid input syntax for type uuid: \"\" (SQLSTATE 22P02)"
time=2024-09-30T22:02:39.576+05:00 level=DEBUG msg="api.song.Create: DBG: request body received, parsing..."
time=2024-09-30T22:02:39.577+05:00 level=ERROR msg="api.song.Create: ERR: cant proceed with body: invalid character '}' after object key"
time=2024-09-30T22:02:39.577+05:00 level=ERROR msg="api.song.Create: ERR: cant create new song: ERROR: invalid input syntax for type uuid: \"\" (SQLSTATE 22P02)"
time=2024-09-30T22:02:40.175+05:00 level=DEBUG msg="api.song.Create: DBG: request body received, parsing..."
time=2024-09-30T22:02:40.175+05:00 level=ERROR msg="api.song.Create: ERR: cant proceed with body: invalid character '}' after object key"
time=2024-09-30T22:02:40.175+05:00 level=ERROR msg="api.song.Create: ERR: cant create new song: ERROR: invalid input syntax for type uuid: \"\" (SQLSTATE 22P02)"
time=2024-09-30T22:03:18.019+05:00 level=DEBUG msg="api.song.Create: DBG: request body received, parsing..."
time=2024-09-30T22:03:18.021+05:00 level=ERROR msg="api.song.Create: ERR: cant create new song: ERROR: invalid input syntax for type uuid: \"Linkin Park\" (SQLSTATE 22P02)"
